<?xml version="1.0" encoding="UTF-8"?>
<coverage generated="1645518563580" clover="3.2.0">
  <project timestamp="1645518563580" name="All files">
    <metrics statements="10" coveredstatements="10" conditionals="0" coveredconditionals="0" methods="4" coveredmethods="4" elements="14" coveredelements="14" complexity="0" loc="10" ncloc="10" packages="1" files="1" classes="1"/>
    <file name="index.js" path="/Users/janakirama/Documents/altcampus/TA-JS-advanced-dom-and-test-TJaaan/block-BJaajc/code/index.js">
      <metrics statements="10" coveredstatements="10" conditionals="0" coveredconditionals="0" methods="4" coveredmethods="4"/>
      <line num="1" count="1" type="stmt"/>
      <line num="4" count="3" type="stmt"/>
      <line num="8" count="3" type="stmt"/>
      <line num="9" count="3" type="stmt"/>
      <line num="10" count="3" type="stmt"/>
      <line num="11" count="12" type="stmt"/>
      <line num="13" count="3" type="stmt"/>
      <line num="17" count="3" type="stmt"/>
      <line num="21" count="3" type="stmt"/>
      <line num="24" count="1" type="stmt"/>
    </file>
  </project>
</coverage>
